0 info it worked if it ends with ok
1 verbose cli [ 'D:\\node\\node.exe',
1 verbose cli   'D:\\node\\node_modules\\npm\\bin\\npm-cli.js',
1 verbose cli   'start' ]
2 info using npm@3.10.10
3 info using node@v6.10.3
4 verbose run-script [ 'prestart', 'start', 'poststart' ]
5 info lifecycle ds3-app@0.0.0~prestart: ds3-app@0.0.0
6 silly lifecycle ds3-app@0.0.0~prestart: no script for prestart, continuing
7 info lifecycle ds3-app@0.0.0~start: ds3-app@0.0.0
8 verbose lifecycle ds3-app@0.0.0~start: unsafe-perm in lifecycle true
9 verbose lifecycle ds3-app@0.0.0~start: PATH: D:\node\node_modules\npm\bin\node-gyp-bin;C:\Users\Derling\Documents\GitHub\ds3-app\node_modules\.bin;C:\Users\Derling\AppData\Roaming\npm;D:\node\;C:\MinGW\bin;C:\MinGW\libexec\gcc\x86_64-pc-mingw32\7.1.0;C:\MinGW\libexec\gcc\x86_64-pc-mingw32\4.9.2;D:\gcc\bin;D:\gcc\libexec\gcc\x86_64-pc-mingw32\4.9.2;C:\ProgramData\Oracle\Java\javapath;C:\Windows\system32;C:\Windows;C:\Windows\System32\Wbem;C:\Windows\System32\WindowsPowerShell\v1.0\;C:\WINDOWS\system32;C:\WINDOWS;C:\WINDOWS\System32\Wbem;C:\WINDOWS\System32\WindowsPowerShell\v1.0\;C:\Program Files (x86)\NVIDIA Corporation\PhysX\Common;D:\node\;C:\Users\Derling\Anaconda3;C:\Users\Derling\Anaconda3\Scripts;C:\Users\Derling\Anaconda3\Library\bin;C:\Users\Derling\AppData\Local\Microsoft\WindowsApps;;C:\GNUstep\bin;C:\GNUstep\GNUstep\System\Tools;C:\Users\Derling\AppData\Roaming\npm
10 verbose lifecycle ds3-app@0.0.0~start: CWD: C:\Users\Derling\Documents\GitHub\ds3-app
11 silly lifecycle ds3-app@0.0.0~start: Args: [ '/d /s /c', 'ng serve' ]
12 silly lifecycle ds3-app@0.0.0~start: Returned: code: 3221225786  signal: null
13 info lifecycle ds3-app@0.0.0~start: Failed to exec start script
14 verbose stack Error: ds3-app@0.0.0 start: `ng serve`
14 verbose stack Exit status 3221225786
14 verbose stack     at EventEmitter.<anonymous> (D:\node\node_modules\npm\lib\utils\lifecycle.js:255:16)
14 verbose stack     at emitTwo (events.js:106:13)
14 verbose stack     at EventEmitter.emit (events.js:191:7)
14 verbose stack     at ChildProcess.<anonymous> (D:\node\node_modules\npm\lib\utils\spawn.js:40:14)
14 verbose stack     at emitTwo (events.js:106:13)
14 verbose stack     at ChildProcess.emit (events.js:191:7)
14 verbose stack     at maybeClose (internal/child_process.js:886:16)
14 verbose stack     at Process.ChildProcess._handle.onexit (internal/child_process.js:226:5)
15 verbose pkgid ds3-app@0.0.0
16 verbose cwd C:\Users\Derling\Documents\GitHub\ds3-app
17 error Windows_NT 10.0.14393
18 error argv "D:\\node\\node.exe" "D:\\node\\node_modules\\npm\\bin\\npm-cli.js" "start"
19 error node v6.10.3
20 error npm  v3.10.10
21 error code ELIFECYCLE
22 error ds3-app@0.0.0 start: `ng serve`
22 error Exit status 3221225786
23 error Failed at the ds3-app@0.0.0 start script 'ng serve'.
23 error Make sure you have the latest version of node.js and npm installed.
23 error If you do, this is most likely a problem with the ds3-app package,
23 error not with npm itself.
23 error Tell the author that this fails on your system:
23 error     ng serve
23 error You can get information on how to open an issue for this project with:
23 error     npm bugs ds3-app
23 error Or if that isn't available, you can get their info via:
23 error     npm owner ls ds3-app
23 error There is likely additional logging output above.
24 verbose exit [ 1, true ]
